Swoole Wechat Http Server Start. Version:1.7.18
[2015-09-29 22:37:40 #3284.0]	NOTICE	Server is shutdown now.
SHutdown
Swoole Wechat Http Server Start. Version:1.7.18
[2015-09-29 22:38:44 #3622.0]	NOTICE	Server is shutdown now.
SHutdown
Swoole Wechat Http Server Start. Version:1.7.18

Fatal error: Class 'MessageController' not found in /var/www/html/BabySpace/src/wechat/baby/application/modules/Wechat/controllers/Assistant.php on line 9
[2015-09-29 22:39:32 *3672.0]	WARN	zm_deactivate_swoole: Fatal error: Class 'MessageController' not found in /var/www/html/BabySpace/src/wechat/baby/application/modules/Wechat/controllers/Assistant.php on line 9.

Fatal error: Class 'MessageController' not found in /var/www/html/BabySpace/src/wechat/baby/application/modules/Wechat/controllers/Assistant.php on line 9
[2015-09-29 22:41:11 *3673.1]	WARN	zm_deactivate_swoole: Fatal error: Class 'MessageController' not found in /var/www/html/BabySpace/src/wechat/baby/application/modules/Wechat/controllers/Assistant.php on line 9.

Fatal error: Class 'MessageController' not found in /var/www/html/BabySpace/src/wechat/baby/application/modules/Wechat/controllers/Assistant.php on line 9
[2015-09-29 22:41:54 *3674.2]	WARN	zm_deactivate_swoole: Fatal error: Class 'MessageController' not found in /var/www/html/BabySpace/src/wechat/baby/application/modules/Wechat/controllers/Assistant.php on line 9.
[2015-09-29 22:44:53 #3669.0]	NOTICE	Server is shutdown now.
SHutdown
Swoole Wechat Http Server Start. Version:1.7.18

Fatal error: Class 'MessageController' not found in /var/www/html/BabySpace/src/wechat/baby/application/modules/Wechat/controllers/Assistant.php on line 9
[2015-09-29 22:45:11 *3811.0]	WARN	zm_deactivate_swoole: Fatal error: Class 'MessageController' not found in /var/www/html/BabySpace/src/wechat/baby/application/modules/Wechat/controllers/Assistant.php on line 9.
[2015-09-29 22:51:04 #3808.0]	NOTICE	Server is shutdown now.
SHutdown
Swoole Wechat Http Server Start. Version:1.7.18

Fatal error: Class 'Dispatcher' not found in /var/www/html/BabySpace/src/wechat/baby/application/library/WechatPush.php on line 17
[2015-09-29 22:51:26 *3981.0]	WARN	zm_deactivate_swoole: Fatal error: Class 'Dispatcher' not found in /var/www/html/BabySpace/src/wechat/baby/application/library/WechatPush.php on line 17.
[2015-09-29 22:52:26 #3978.0]	NOTICE	Server is shutdown now.
SHutdown
Swoole Wechat Http Server Start. Version:1.7.18
